# JRE version: Java(TM) SE Runtime Environment (7.0_51-b13) (build 1.7.0_51-b13)
# Java VM: Java HotSpot(TM) 64-Bit Server VM (24.51-b03 mixed mode bsd-amd64 compressed oops)
Heap
 PSYoungGen      total 59392K, used 30182K [0x00000007f9c00000, 0x00000007fe000000, 0x0000000800000000)
  eden space 52224K, 45% used [0x00000007f9c00000,0x00000007fb32f388,0x00000007fcf00000)
  from space 7168K, 89% used [0x00000007fd700000,0x00000007fdd4a6a0,0x00000007fde00000)
  to   space 8192K, 0% used [0x00000007fcf00000,0x00000007fcf00000,0x00000007fd700000)
 ParOldGen       total 34304K, used 10863K [0x00000007ed400000, 0x00000007ef580000, 0x00000007f9c00000)
  object space 34304K, 31% used [0x00000007ed400000,0x00000007ede9bfc0,0x00000007ef580000)
 PSPermGen       total 22016K, used 21654K [0x00000007e5c00000, 0x00000007e7180000, 0x00000007ed400000)
  object space 22016K, 98% used [0x00000007e5c00000,0x00000007e71259d0,0x00000007e7180000)
GC Heap History (10 events):
Event: 5.910 GC heap before
{Heap before GC invocations=2 (full 0):
 PSYoungGen      total 15360K, used 15343K [0x00000007f9c00000, 0x00000007fad00000, 0x0000000800000000)
  eden space 13312K, 100% used [0x00000007f9c00000,0x00000007fa900000,0x00000007fa900000)
  from space 2048K, 99% used [0x00000007fa900000,0x00000007faafbf50,0x00000007fab00000)
  to   space 2048K, 0% used [0x00000007fab00000,0x00000007fab00000,0x00000007fad00000)
 ParOldGen       total 34304K, used 607K [0x00000007ed400000, 0x00000007ef580000, 0x00000007f9c00000)
  object space 34304K, 1% used [0x00000007ed400000,0x00000007ed497e50,0x00000007ef580000)
 PSPermGen       total 21504K, used 9007K [0x00000007e5c00000, 0x00000007e7100000, 0x00000007ed400000)
  object space 21504K, 41% used [0x00000007e5c00000,0x00000007e64cbd48,0x00000007e7100000)
Event: 5.915 GC heap after
Heap after GC invocations=2 (full 0):
 PSYoungGen      total 15360K, used 2034K [0x00000007f9c00000, 0x00000007fad00000, 0x0000000800000000)
  eden space 13312K, 0% used [0x00000007f9c00000,0x00000007f9c00000,0x00000007fa900000)
  from space 2048K, 99% used [0x00000007fab00000,0x00000007facfca20,0x00000007fad00000)
  to   space 2048K, 0% used [0x00000007fa900000,0x00000007fa900000,0x00000007fab00000)
 ParOldGen       total 34304K, used 2208K [0x00000007ed400000, 0x00000007ef580000, 0x00000007f9c00000)
  object space 34304K, 6% used [0x00000007ed400000,0x00000007ed6283b8,0x00000007ef580000)
 PSPermGen       total 21504K, used 9007K [0x00000007e5c00000, 0x00000007e7100000, 0x00000007ed400000)
  object space 21504K, 41% used [0x00000007e5c00000,0x00000007e64cbd48,0x00000007e7100000)
}
Event: 6.111 GC heap before
{Heap before GC invocations=3 (full 0):
 PSYoungGen      total 15360K, used 15346K [0x00000007f9c00000, 0x00000007fad00000, 0x0000000800000000)
  eden space 13312K, 100% used [0x00000007f9c00000,0x00000007fa900000,0x00000007fa900000)
  from space 2048K, 99% used [0x00000007fab00000,0x00000007facfca20,0x00000007fad00000)
  to   space 2048K, 0% used [0x00000007fa900000,0x00000007fa900000,0x00000007fab00000)
 ParOldGen       total 34304K, used 2208K [0x00000007ed400000, 0x00000007ef580000, 0x00000007f9c00000)
  object space 34304K, 6% used [0x00000007ed400000,0x00000007ed6283b8,0x00000007ef580000)
 PSPermGen       total 21504K, used 10837K [0x00000007e5c00000, 0x00000007e7100000, 0x00000007ed400000)
  object space 21504K, 50% used [0x00000007e5c00000,0x00000007e6695528,0x00000007e7100000)
Event: 6.115 GC heap after
Heap after GC invocations=3 (full 0):
 PSYoungGen      total 15360K, used 2032K [0x00000007f9c00000, 0x00000007fba00000, 0x0000000800000000)
  eden space 13312K, 0% used [0x00000007f9c00000,0x00000007f9c00000,0x00000007fa900000)
  from space 2048K, 99% used [0x00000007fa900000,0x00000007faafc010,0x00000007fab00000)
  to   space 2048K, 0% used [0x00000007fb800000,0x00000007fb800000,0x00000007fba00000)
 ParOldGen       total 34304K, used 3520K [0x00000007ed400000, 0x00000007ef580000, 0x00000007f9c00000)
  object space 34304K, 10% used [0x00000007ed400000,0x00000007ed770138,0x00000007ef580000)
 PSPermGen       total 21504K, used 10837K [0x00000007e5c00000, 0x00000007e7100000, 0x00000007ed400000)
  object space 21504K, 50% used [0x00000007e5c00000,0x00000007e6695528,0x00000007e7100000)
}
Event: 6.264 GC heap before
{Heap before GC invocations=4 (full 0):
 PSYoungGen      total 15360K, used 15344K [0x00000007f9c00000, 0x00000007fba00000, 0x0000000800000000)
  eden space 13312K, 100% used [0x00000007f9c00000,0x00000007fa900000,0x00000007fa900000)
  from space 2048K, 99% used [0x00000007fa900000,0x00000007faafc010,0x00000007fab00000)
  to   space 2048K, 0% used [0x00000007fb800000,0x00000007fb800000,0x00000007fba00000)
 ParOldGen       total 34304K, used 3520K [0x00000007ed400000, 0x00000007ef580000, 0x00000007f9c00000)
  object space 34304K, 10% used [0x00000007ed400000,0x00000007ed770138,0x00000007ef580000)
 PSPermGen       total 21504K, used 12505K [0x00000007e5c00000, 0x00000007e7100000, 0x00000007ed400000)
  object space 21504K, 58% used [0x00000007e5c00000,0x00000007e6836518,0x00000007e7100000)
Event: 6.270 GC heap after
Heap after GC invocations=4 (full 0):
 PSYoungGen      total 28672K, used 2033K [0x00000007f9c00000, 0x00000007fba00000, 0x0000000800000000)
  eden space 26624K, 0% used [0x00000007f9c00000,0x00000007f9c00000,0x00000007fb600000)
  from space 2048K, 99% used [0x00000007fb800000,0x00000007fb9fc530,0x00000007fba00000)
  to   space 2048K, 0% used [0x00000007fb600000,0x00000007fb600000,0x00000007fb800000)
 ParOldGen       total 34304K, used 5504K [0x00000007ed400000, 0x00000007ef580000, 0x00000007f9c00000)
  object space 34304K, 16% used [0x00000007ed400000,0x00000007ed960170,0x00000007ef580000)
 PSPermGen       total 21504K, used 12505K [0x00000007e5c00000, 0x00000007e7100000, 0x00000007ed400000)
  object space 21504K, 58% used [0x00000007e5c00000,0x00000007e6836518,0x00000007e7100000)
}
Event: 6.748 GC heap before
{Heap before GC invocations=5 (full 0):
 PSYoungGen      total 28672K, used 28657K [0x00000007f9c00000, 0x00000007fba00000, 0x0000000800000000)
  eden space 26624K, 100% used [0x00000007f9c00000,0x00000007fb600000,0x00000007fb600000)
  from space 2048K, 99% used [0x00000007fb800000,0x00000007fb9fc530,0x00000007fba00000)
  to   space 2048K, 0% used [0x00000007fb600000,0x00000007fb600000,0x00000007fb800000)
 ParOldGen       total 34304K, used 5504K [0x00000007ed400000, 0x00000007ef580000, 0x00000007f9c00000)
  object space 34304K, 16% used [0x00000007ed400000,0x00000007ed960170,0x00000007ef580000)
 PSPermGen       total 21504K, used 17607K [0x00000007e5c00000, 0x00000007e7100000, 0x00000007ed400000)
  object space 21504K, 81% used [0x00000007e5c00000,0x00000007e6d31f10,0x00000007e7100000)
Event: 6.756 GC heap after
Heap after GC invocations=5 (full 0):
 PSYoungGen      total 28672K, used 2016K [0x00000007f9c00000, 0x00000007fde00000, 0x0000000800000000)
  eden space 26624K, 0% used [0x00000007f9c00000,0x00000007f9c00000,0x00000007fb600000)
  from space 2048K, 98% used [0x00000007fb600000,0x00000007fb7f8020,0x00000007fb800000)
  to   space 7168K, 0% used [0x00000007fd700000,0x00000007fd700000,0x00000007fde00000)
 ParOldGen       total 34304K, used 10863K [0x00000007ed400000, 0x00000007ef580000, 0x00000007f9c00000)
  object space 34304K, 31% used [0x00000007ed400000,0x00000007ede9bfc0,0x00000007ef580000)
 PSPermGen       total 21504K, used 17607K [0x00000007e5c00000, 0x00000007e7100000, 0x00000007ed400000)
  object space 21504K, 81% used [0x00000007e5c00000,0x00000007e6d31f10,0x00000007e7100000)
}
Event: 7.293 GC heap before
{Heap before GC invocations=6 (full 0):
 PSYoungGen      total 28672K, used 28640K [0x00000007f9c00000, 0x00000007fde00000, 0x0000000800000000)
  eden space 26624K, 100% used [0x00000007f9c00000,0x00000007fb600000,0x00000007fb600000)
  from space 2048K, 98% used [0x00000007fb600000,0x00000007fb7f8020,0x00000007fb800000)
  to   space 7168K, 0% used [0x00000007fd700000,0x00000007fd700000,0x00000007fde00000)
 ParOldGen       total 34304K, used 10863K [0x00000007ed400000, 0x00000007ef580000, 0x00000007f9c00000)
  object space 34304K, 31% used [0x00000007ed400000,0x00000007ede9bfc0,0x00000007ef580000)
 PSPermGen       total 21504K, used 21125K [0x00000007e5c00000, 0x00000007e7100000, 0x00000007ed400000)
  object space 21504K, 98% used [0x00000007e5c00000,0x00000007e70a16e0,0x00000007e7100000)
Event: 7.301 GC heap after
Heap after GC invocations=6 (full 0):
 PSYoungGen      total 59392K, used 6441K [0x00000007f9c00000, 0x00000007fe000000, 0x0000000800000000)
  eden space 52224K, 0% used [0x00000007f9c00000,0x00000007f9c00000,0x00000007fcf00000)
  from space 7168K, 89% used [0x00000007fd700000,0x00000007fdd4a6a0,0x00000007fde00000)
  to   space 8192K, 0% used [0x00000007fcf00000,0x00000007fcf00000,0x00000007fd700000)
 ParOldGen       total 34304K, used 10863K [0x00000007ed400000, 0x00000007ef580000, 0x00000007f9c00000)
  object space 34304K, 31% used [0x00000007ed400000,0x00000007ede9bfc0,0x00000007ef580000)
 PSPermGen       total 21504K, used 21125K [0x00000007e5c00000, 0x00000007e7100000, 0x00000007ed400000)
  object space 21504K, 98% used [0x00000007e5c00000,0x00000007e70a16e0,0x00000007e7100000)
}

