# JRE version: Java(TM) SE Runtime Environment (7.0_51-b13) (build 1.7.0_51-b13)
# Java VM: Java HotSpot(TM) 64-Bit Server VM (24.51-b03 mixed mode bsd-amd64 compressed oops)
Heap
 PSYoungGen      total 31744K, used 14974K [0x00000007f9c00000, 0x00000007fdd00000, 0x0000000800000000)
  eden space 26112K, 35% used [0x00000007f9c00000,0x00000007fa520500,0x00000007fb580000)
  from space 5632K, 99% used [0x00000007fb580000,0x00000007fbaff598,0x00000007fbb00000)
  to   space 7168K, 0% used [0x00000007fd600000,0x00000007fd600000,0x00000007fdd00000)
 ParOldGen       total 34304K, used 9668K [0x00000007ed400000, 0x00000007ef580000, 0x00000007f9c00000)
  object space 34304K, 28% used [0x00000007ed400000,0x00000007edd71060,0x00000007ef580000)
 PSPermGen       total 22016K, used 21645K [0x00000007e5c00000, 0x00000007e7180000, 0x00000007ed400000)
  object space 22016K, 98% used [0x00000007e5c00000,0x00000007e71234a0,0x00000007e7180000)
GC Heap History (10 events):
Event: 6.395 GC heap before
{Heap before GC invocations=3 (full 0):
 PSYoungGen      total 15360K, used 15335K [0x00000007f9c00000, 0x00000007fad00000, 0x0000000800000000)
  eden space 13312K, 100% used [0x00000007f9c00000,0x00000007fa900000,0x00000007fa900000)
  from space 2048K, 98% used [0x00000007fab00000,0x00000007facf9c98,0x00000007fad00000)
  to   space 2048K, 0% used [0x00000007fa900000,0x00000007fa900000,0x00000007fab00000)
 ParOldGen       total 34304K, used 2210K [0x00000007ed400000, 0x00000007ef580000, 0x00000007f9c00000)
  object space 34304K, 6% used [0x00000007ed400000,0x00000007ed628bd0,0x00000007ef580000)
 PSPermGen       total 21504K, used 10837K [0x00000007e5c00000, 0x00000007e7100000, 0x00000007ed400000)
  object space 21504K, 50% used [0x00000007e5c00000,0x00000007e6695770,0x00000007e7100000)
Event: 6.399 GC heap after
Heap after GC invocations=3 (full 0):
 PSYoungGen      total 15360K, used 2032K [0x00000007f9c00000, 0x00000007fad00000, 0x0000000800000000)
  eden space 13312K, 0% used [0x00000007f9c00000,0x00000007f9c00000,0x00000007fa900000)
  from space 2048K, 99% used [0x00000007fa900000,0x00000007faafc010,0x00000007fab00000)
  to   space 2048K, 0% used [0x00000007fab00000,0x00000007fab00000,0x00000007fad00000)
 ParOldGen       total 34304K, used 3494K [0x00000007ed400000, 0x00000007ef580000, 0x00000007f9c00000)
  object space 34304K, 10% used [0x00000007ed400000,0x00000007ed7699c0,0x00000007ef580000)
 PSPermGen       total 21504K, used 10837K [0x00000007e5c00000, 0x00000007e7100000, 0x00000007ed400000)
  object space 21504K, 50% used [0x00000007e5c00000,0x00000007e6695770,0x00000007e7100000)
}
Event: 6.812 GC heap before
{Heap before GC invocations=4 (full 0):
 PSYoungGen      total 15360K, used 15344K [0x00000007f9c00000, 0x00000007fad00000, 0x0000000800000000)
  eden space 13312K, 100% used [0x00000007f9c00000,0x00000007fa900000,0x00000007fa900000)
  from space 2048K, 99% used [0x00000007fa900000,0x00000007faafc010,0x00000007fab00000)
  to   space 2048K, 0% used [0x00000007fab00000,0x00000007fab00000,0x00000007fad00000)
 ParOldGen       total 34304K, used 3494K [0x00000007ed400000, 0x00000007ef580000, 0x00000007f9c00000)
  object space 34304K, 10% used [0x00000007ed400000,0x00000007ed7699c0,0x00000007ef580000)
 PSPermGen       total 21504K, used 12505K [0x00000007e5c00000, 0x00000007e7100000, 0x00000007ed400000)
  object space 21504K, 58% used [0x00000007e5c00000,0x00000007e6836630,0x00000007e7100000)
Event: 6.822 GC heap after
Heap after GC invocations=4 (full 0):
 PSYoungGen      total 15360K, used 2033K [0x00000007f9c00000, 0x00000007fba00000, 0x0000000800000000)
  eden space 13312K, 0% used [0x00000007f9c00000,0x00000007f9c00000,0x00000007fa900000)
  from space 2048K, 99% used [0x00000007fab00000,0x00000007facfc530,0x00000007fad00000)
  to   space 2048K, 0% used [0x00000007fa900000,0x00000007fa900000,0x00000007fab00000)
 ParOldGen       total 34304K, used 5494K [0x00000007ed400000, 0x00000007ef580000, 0x00000007f9c00000)
  object space 34304K, 16% used [0x00000007ed400000,0x00000007ed95da90,0x00000007ef580000)
 PSPermGen       total 21504K, used 12505K [0x00000007e5c00000, 0x00000007e7100000, 0x00000007ed400000)
  object space 21504K, 58% used [0x00000007e5c00000,0x00000007e6836630,0x00000007e7100000)
}
Event: 7.346 GC heap before
{Heap before GC invocations=5 (full 0):
 PSYoungGen      total 15360K, used 15342K [0x00000007f9c00000, 0x00000007fba00000, 0x0000000800000000)
  eden space 13312K, 99% used [0x00000007f9c00000,0x00000007fa8ff370,0x00000007fa900000)
  from space 2048K, 99% used [0x00000007fab00000,0x00000007facfc530,0x00000007fad00000)
  to   space 2048K, 0% used [0x00000007fa900000,0x00000007fa900000,0x00000007fab00000)
 ParOldGen       total 34304K, used 5494K [0x00000007ed400000, 0x00000007ef580000, 0x00000007f9c00000)
  object space 34304K, 16% used [0x00000007ed400000,0x00000007ed95da90,0x00000007ef580000)
 PSPermGen       total 21504K, used 15016K [0x00000007e5c00000, 0x00000007e7100000, 0x00000007ed400000)
  object space 21504K, 69% used [0x00000007e5c00000,0x00000007e6aaa2b8,0x00000007e7100000)
Event: 7.352 GC heap after
Heap after GC invocations=5 (full 0):
 PSYoungGen      total 15360K, used 2033K [0x00000007f9c00000, 0x00000007fc000000, 0x0000000800000000)
  eden space 13312K, 0% used [0x00000007f9c00000,0x00000007f9c00000,0x00000007fa900000)
  from space 2048K, 99% used [0x00000007fa900000,0x00000007faafc540,0x00000007fab00000)
  to   space 5120K, 0% used [0x00000007fbb00000,0x00000007fbb00000,0x00000007fc000000)
 ParOldGen       total 34304K, used 8160K [0x00000007ed400000, 0x00000007ef580000, 0x00000007f9c00000)
  object space 34304K, 23% used [0x00000007ed400000,0x00000007edbf8018,0x00000007ef580000)
 PSPermGen       total 21504K, used 15016K [0x00000007e5c00000, 0x00000007e7100000, 0x00000007ed400000)
  object space 21504K, 69% used [0x00000007e5c00000,0x00000007e6aaa2b8,0x00000007e7100000)
}
Event: 7.816 GC heap before
{Heap before GC invocations=6 (full 0):
 PSYoungGen      total 15360K, used 15345K [0x00000007f9c00000, 0x00000007fc000000, 0x0000000800000000)
  eden space 13312K, 100% used [0x00000007f9c00000,0x00000007fa900000,0x00000007fa900000)
  from space 2048K, 99% used [0x00000007fa900000,0x00000007faafc540,0x00000007fab00000)
  to   space 5120K, 0% used [0x00000007fbb00000,0x00000007fbb00000,0x00000007fc000000)
 ParOldGen       total 34304K, used 8160K [0x00000007ed400000, 0x00000007ef580000, 0x00000007f9c00000)
  object space 34304K, 23% used [0x00000007ed400000,0x00000007edbf8018,0x00000007ef580000)
 PSPermGen       total 21504K, used 17597K [0x00000007e5c00000, 0x00000007e7100000, 0x00000007ed400000)
  object space 21504K, 81% used [0x00000007e5c00000,0x00000007e6d2f728,0x00000007e7100000)
Event: 7.824 GC heap after
Heap after GC invocations=6 (full 0):
 PSYoungGen      total 31232K, used 4882K [0x00000007f9c00000, 0x00000007fc100000, 0x0000000800000000)
  eden space 26112K, 0% used [0x00000007f9c00000,0x00000007f9c00000,0x00000007fb580000)
  from space 5120K, 95% used [0x00000007fbb00000,0x00000007fbfc48c8,0x00000007fc000000)
  to   space 5632K, 0% used [0x00000007fb580000,0x00000007fb580000,0x00000007fbb00000)
 ParOldGen       total 34304K, used 8160K [0x00000007ed400000, 0x00000007ef580000, 0x00000007f9c00000)
  object space 34304K, 23% used [0x00000007ed400000,0x00000007edbf8018,0x00000007ef580000)
 PSPermGen       total 21504K, used 17597K [0x00000007e5c00000, 0x00000007e7100000, 0x00000007ed400000)
  object space 21504K, 81% used [0x00000007e5c00000,0x00000007e6d2f728,0x00000007e7100000)
}
Event: 8.660 GC heap before
{Heap before GC invocations=7 (full 0):
 PSYoungGen      total 31232K, used 30994K [0x00000007f9c00000, 0x00000007fc100000, 0x0000000800000000)
  eden space 26112K, 100% used [0x00000007f9c00000,0x00000007fb580000,0x00000007fb580000)
  from space 5120K, 95% used [0x00000007fbb00000,0x00000007fbfc48c8,0x00000007fc000000)
  to   space 5632K, 0% used [0x00000007fb580000,0x00000007fb580000,0x00000007fbb00000)
 ParOldGen       total 34304K, used 8160K [0x00000007ed400000, 0x00000007ef580000, 0x00000007f9c00000)
  object space 34304K, 23% used [0x00000007ed400000,0x00000007edbf8018,0x00000007ef580000)
 PSPermGen       total 21504K, used 21121K [0x00000007e5c00000, 0x00000007e7100000, 0x00000007ed400000)
  object space 21504K, 98% used [0x00000007e5c00000,0x00000007e70a04a8,0x00000007e7100000)
Event: 8.670 GC heap after
Heap after GC invocations=7 (full 0):
 PSYoungGen      total 31744K, used 5629K [0x00000007f9c00000, 0x00000007fdd00000, 0x0000000800000000)
  eden space 26112K, 0% used [0x00000007f9c00000,0x00000007f9c00000,0x00000007fb580000)
  from space 5632K, 99% used [0x00000007fb580000,0x00000007fbaff598,0x00000007fbb00000)
  to   space 7168K, 0% used [0x00000007fd600000,0x00000007fd600000,0x00000007fdd00000)
 ParOldGen       total 34304K, used 9668K [0x00000007ed400000, 0x00000007ef580000, 0x00000007f9c00000)
  object space 34304K, 28% used [0x00000007ed400000,0x00000007edd71060,0x00000007ef580000)
 PSPermGen       total 21504K, used 21121K [0x00000007e5c00000, 0x00000007e7100000, 0x00000007ed400000)
  object space 21504K, 98% used [0x00000007e5c00000,0x00000007e70a04a8,0x00000007e7100000)
}

