# JRE version: Java(TM) SE Runtime Environment (7.0_51-b13) (build 1.7.0_51-b13)
# Java VM: Java HotSpot(TM) 64-Bit Server VM (24.51-b03 mixed mode bsd-amd64 compressed oops)
Heap
 PSYoungGen      total 31744K, used 18055K [0x00000007f9c00000, 0x00000007fdd00000, 0x0000000800000000)
  eden space 26112K, 47% used [0x00000007f9c00000,0x00000007fa829208,0x00000007fb580000)
  from space 5632K, 99% used [0x00000007fb580000,0x00000007fbaf8bf8,0x00000007fbb00000)
  to   space 7168K, 0% used [0x00000007fd600000,0x00000007fd600000,0x00000007fdd00000)
 ParOldGen       total 34304K, used 9618K [0x00000007ed400000, 0x00000007ef580000, 0x00000007f9c00000)
  object space 34304K, 28% used [0x00000007ed400000,0x00000007edd64bc8,0x00000007ef580000)
 PSPermGen       total 22016K, used 21659K [0x00000007e5c00000, 0x00000007e7180000, 0x00000007ed400000)
  object space 22016K, 98% used [0x00000007e5c00000,0x00000007e7126ff8,0x00000007e7180000)
GC Heap History (10 events):
Event: 6.434 GC heap before
{Heap before GC invocations=3 (full 0):
 PSYoungGen      total 15360K, used 15353K [0x00000007f9c00000, 0x00000007fad00000, 0x0000000800000000)
  eden space 13312K, 100% used [0x00000007f9c00000,0x00000007fa900000,0x00000007fa900000)
  from space 2048K, 99% used [0x00000007fab00000,0x00000007facfe520,0x00000007fad00000)
  to   space 2048K, 0% used [0x00000007fa900000,0x00000007fa900000,0x00000007fab00000)
 ParOldGen       total 34304K, used 2164K [0x00000007ed400000, 0x00000007ef580000, 0x00000007f9c00000)
  object space 34304K, 6% used [0x00000007ed400000,0x00000007ed61d200,0x00000007ef580000)
 PSPermGen       total 21504K, used 10837K [0x00000007e5c00000, 0x00000007e7100000, 0x00000007ed400000)
  object space 21504K, 50% used [0x00000007e5c00000,0x00000007e66957d0,0x00000007e7100000)
Event: 6.438 GC heap after
Heap after GC invocations=3 (full 0):
 PSYoungGen      total 15360K, used 2032K [0x00000007f9c00000, 0x00000007fad00000, 0x0000000800000000)
  eden space 13312K, 0% used [0x00000007f9c00000,0x00000007f9c00000,0x00000007fa900000)
  from space 2048K, 99% used [0x00000007fa900000,0x00000007faafc010,0x00000007fab00000)
  to   space 2048K, 0% used [0x00000007fab00000,0x00000007fab00000,0x00000007fad00000)
 ParOldGen       total 34304K, used 3459K [0x00000007ed400000, 0x00000007ef580000, 0x00000007f9c00000)
  object space 34304K, 10% used [0x00000007ed400000,0x00000007ed760ca8,0x00000007ef580000)
 PSPermGen       total 21504K, used 10837K [0x00000007e5c00000, 0x00000007e7100000, 0x00000007ed400000)
  object space 21504K, 50% used [0x00000007e5c00000,0x00000007e66957d0,0x00000007e7100000)
}
Event: 6.748 GC heap before
{Heap before GC invocations=4 (full 0):
 PSYoungGen      total 15360K, used 15344K [0x00000007f9c00000, 0x00000007fad00000, 0x0000000800000000)
  eden space 13312K, 100% used [0x00000007f9c00000,0x00000007fa900000,0x00000007fa900000)
  from space 2048K, 99% used [0x00000007fa900000,0x00000007faafc010,0x00000007fab00000)
  to   space 2048K, 0% used [0x00000007fab00000,0x00000007fab00000,0x00000007fad00000)
 ParOldGen       total 34304K, used 3459K [0x00000007ed400000, 0x00000007ef580000, 0x00000007f9c00000)
  object space 34304K, 10% used [0x00000007ed400000,0x00000007ed760ca8,0x00000007ef580000)
 PSPermGen       total 21504K, used 12504K [0x00000007e5c00000, 0x00000007e7100000, 0x00000007ed400000)
  object space 21504K, 58% used [0x00000007e5c00000,0x00000007e6836368,0x00000007e7100000)
Event: 6.753 GC heap after
Heap after GC invocations=4 (full 0):
 PSYoungGen      total 15360K, used 2033K [0x00000007f9c00000, 0x00000007fba00000, 0x0000000800000000)
  eden space 13312K, 0% used [0x00000007f9c00000,0x00000007f9c00000,0x00000007fa900000)
  from space 2048K, 99% used [0x00000007fab00000,0x00000007facfc530,0x00000007fad00000)
  to   space 2048K, 0% used [0x00000007fa900000,0x00000007fa900000,0x00000007fab00000)
 ParOldGen       total 34304K, used 5445K [0x00000007ed400000, 0x00000007ef580000, 0x00000007f9c00000)
  object space 34304K, 15% used [0x00000007ed400000,0x00000007ed951678,0x00000007ef580000)
 PSPermGen       total 21504K, used 12504K [0x00000007e5c00000, 0x00000007e7100000, 0x00000007ed400000)
  object space 21504K, 58% used [0x00000007e5c00000,0x00000007e6836368,0x00000007e7100000)
}
Event: 7.179 GC heap before
{Heap before GC invocations=5 (full 0):
 PSYoungGen      total 15360K, used 15345K [0x00000007f9c00000, 0x00000007fba00000, 0x0000000800000000)
  eden space 13312K, 100% used [0x00000007f9c00000,0x00000007fa900000,0x00000007fa900000)
  from space 2048K, 99% used [0x00000007fab00000,0x00000007facfc530,0x00000007fad00000)
  to   space 2048K, 0% used [0x00000007fa900000,0x00000007fa900000,0x00000007fab00000)
 ParOldGen       total 34304K, used 5445K [0x00000007ed400000, 0x00000007ef580000, 0x00000007f9c00000)
  object space 34304K, 15% used [0x00000007ed400000,0x00000007ed951678,0x00000007ef580000)
 PSPermGen       total 21504K, used 15030K [0x00000007e5c00000, 0x00000007e7100000, 0x00000007ed400000)
  object space 21504K, 69% used [0x00000007e5c00000,0x00000007e6aad800,0x00000007e7100000)
Event: 7.185 GC heap after
Heap after GC invocations=5 (full 0):
 PSYoungGen      total 15360K, used 2033K [0x00000007f9c00000, 0x00000007fc000000, 0x0000000800000000)
  eden space 13312K, 0% used [0x00000007f9c00000,0x00000007f9c00000,0x00000007fa900000)
  from space 2048K, 99% used [0x00000007fa900000,0x00000007faafc540,0x00000007fab00000)
  to   space 5120K, 0% used [0x00000007fbb00000,0x00000007fbb00000,0x00000007fc000000)
 ParOldGen       total 34304K, used 8103K [0x00000007ed400000, 0x00000007ef580000, 0x00000007f9c00000)
  object space 34304K, 23% used [0x00000007ed400000,0x00000007edbe9ff0,0x00000007ef580000)
 PSPermGen       total 21504K, used 15030K [0x00000007e5c00000, 0x00000007e7100000, 0x00000007ed400000)
  object space 21504K, 69% used [0x00000007e5c00000,0x00000007e6aad800,0x00000007e7100000)
}
Event: 7.601 GC heap before
{Heap before GC invocations=6 (full 0):
 PSYoungGen      total 15360K, used 15345K [0x00000007f9c00000, 0x00000007fc000000, 0x0000000800000000)
  eden space 13312K, 100% used [0x00000007f9c00000,0x00000007fa900000,0x00000007fa900000)
  from space 2048K, 99% used [0x00000007fa900000,0x00000007faafc540,0x00000007fab00000)
  to   space 5120K, 0% used [0x00000007fbb00000,0x00000007fbb00000,0x00000007fc000000)
 ParOldGen       total 34304K, used 8103K [0x00000007ed400000, 0x00000007ef580000, 0x00000007f9c00000)
  object space 34304K, 23% used [0x00000007ed400000,0x00000007edbe9ff0,0x00000007ef580000)
 PSPermGen       total 21504K, used 17602K [0x00000007e5c00000, 0x00000007e7100000, 0x00000007ed400000)
  object space 21504K, 81% used [0x00000007e5c00000,0x00000007e6d30860,0x00000007e7100000)
Event: 7.608 GC heap after
Heap after GC invocations=6 (full 0):
 PSYoungGen      total 31232K, used 4850K [0x00000007f9c00000, 0x00000007fc100000, 0x0000000800000000)
  eden space 26112K, 0% used [0x00000007f9c00000,0x00000007f9c00000,0x00000007fb580000)
  from space 5120K, 94% used [0x00000007fbb00000,0x00000007fbfbcbf0,0x00000007fc000000)
  to   space 5632K, 0% used [0x00000007fb580000,0x00000007fb580000,0x00000007fbb00000)
 ParOldGen       total 34304K, used 8103K [0x00000007ed400000, 0x00000007ef580000, 0x00000007f9c00000)
  object space 34304K, 23% used [0x00000007ed400000,0x00000007edbe9ff0,0x00000007ef580000)
 PSPermGen       total 21504K, used 17602K [0x00000007e5c00000, 0x00000007e7100000, 0x00000007ed400000)
  object space 21504K, 81% used [0x00000007e5c00000,0x00000007e6d30860,0x00000007e7100000)
}
Event: 8.531 GC heap before
{Heap before GC invocations=7 (full 0):
 PSYoungGen      total 31232K, used 30962K [0x00000007f9c00000, 0x00000007fc100000, 0x0000000800000000)
  eden space 26112K, 100% used [0x00000007f9c00000,0x00000007fb580000,0x00000007fb580000)
  from space 5120K, 94% used [0x00000007fbb00000,0x00000007fbfbcbf0,0x00000007fc000000)
  to   space 5632K, 0% used [0x00000007fb580000,0x00000007fb580000,0x00000007fbb00000)
 ParOldGen       total 34304K, used 8103K [0x00000007ed400000, 0x00000007ef580000, 0x00000007f9c00000)
  object space 34304K, 23% used [0x00000007ed400000,0x00000007edbe9ff0,0x00000007ef580000)
 PSPermGen       total 21504K, used 21109K [0x00000007e5c00000, 0x00000007e7100000, 0x00000007ed400000)
  object space 21504K, 98% used [0x00000007e5c00000,0x00000007e709d700,0x00000007e7100000)
Event: 8.541 GC heap after
Heap after GC invocations=7 (full 0):
 PSYoungGen      total 31744K, used 5602K [0x00000007f9c00000, 0x00000007fdd00000, 0x0000000800000000)
  eden space 26112K, 0% used [0x00000007f9c00000,0x00000007f9c00000,0x00000007fb580000)
  from space 5632K, 99% used [0x00000007fb580000,0x00000007fbaf8bf8,0x00000007fbb00000)
  to   space 7168K, 0% used [0x00000007fd600000,0x00000007fd600000,0x00000007fdd00000)
 ParOldGen       total 34304K, used 9618K [0x00000007ed400000, 0x00000007ef580000, 0x00000007f9c00000)
  object space 34304K, 28% used [0x00000007ed400000,0x00000007edd64bc8,0x00000007ef580000)
 PSPermGen       total 21504K, used 21109K [0x00000007e5c00000, 0x00000007e7100000, 0x00000007ed400000)
  object space 21504K, 98% used [0x00000007e5c00000,0x00000007e709d700,0x00000007e7100000)
}

