# JRE version: Java(TM) SE Runtime Environment (7.0_51-b13) (build 1.7.0_51-b13)
# Java VM: Java HotSpot(TM) 64-Bit Server VM (24.51-b03 mixed mode bsd-amd64 compressed oops)
Heap
 PSYoungGen      total 59904K, used 58781K [0x00000007f9c00000, 0x00000007fdf00000, 0x0000000800000000)
  eden space 52736K, 99% used [0x00000007f9c00000,0x00000007fcf1c5e8,0x00000007fcf80000)
  from space 7168K, 89% used [0x00000007fd700000,0x00000007fdd4b098,0x00000007fde00000)
  to   space 7680K, 0% used [0x00000007fcf80000,0x00000007fcf80000,0x00000007fd700000)
 ParOldGen       total 34304K, used 10805K [0x00000007ed400000, 0x00000007ef580000, 0x00000007f9c00000)
  object space 34304K, 31% used [0x00000007ed400000,0x00000007ede8d470,0x00000007ef580000)
 PSPermGen       total 22016K, used 21746K [0x00000007e5c00000, 0x00000007e7180000, 0x00000007ed400000)
  object space 22016K, 98% used [0x00000007e5c00000,0x00000007e713c888,0x00000007e7180000)
GC Heap History (10 events):
Event: 0.709 GC heap before
{Heap before GC invocations=2 (full 0):
 PSYoungGen      total 15360K, used 15341K [0x00000007f9c00000, 0x00000007fad00000, 0x0000000800000000)
  eden space 13312K, 100% used [0x00000007f9c00000,0x00000007fa900000,0x00000007fa900000)
  from space 2048K, 99% used [0x00000007fa900000,0x00000007faafb778,0x00000007fab00000)
  to   space 2048K, 0% used [0x00000007fab00000,0x00000007fab00000,0x00000007fad00000)
 ParOldGen       total 34304K, used 610K [0x00000007ed400000, 0x00000007ef580000, 0x00000007f9c00000)
  object space 34304K, 1% used [0x00000007ed400000,0x00000007ed498bb0,0x00000007ef580000)
 PSPermGen       total 21504K, used 9007K [0x00000007e5c00000, 0x00000007e7100000, 0x00000007ed400000)
  object space 21504K, 41% used [0x00000007e5c00000,0x00000007e64cbfd0,0x00000007e7100000)
Event: 0.715 GC heap after
Heap after GC invocations=2 (full 0):
 PSYoungGen      total 15360K, used 2016K [0x00000007f9c00000, 0x00000007fba00000, 0x0000000800000000)
  eden space 13312K, 0% used [0x00000007f9c00000,0x00000007f9c00000,0x00000007fa900000)
  from space 2048K, 98% used [0x00000007fab00000,0x00000007facf8300,0x00000007fad00000)
  to   space 2048K, 0% used [0x00000007fa900000,0x00000007fa900000,0x00000007fab00000)
 ParOldGen       total 34304K, used 2169K [0x00000007ed400000, 0x00000007ef580000, 0x00000007f9c00000)
  object space 34304K, 6% used [0x00000007ed400000,0x00000007ed61e5c0,0x00000007ef580000)
 PSPermGen       total 21504K, used 9007K [0x00000007e5c00000, 0x00000007e7100000, 0x00000007ed400000)
  object space 21504K, 41% used [0x00000007e5c00000,0x00000007e64cbfd0,0x00000007e7100000)
}
Event: 0.918 GC heap before
{Heap before GC invocations=3 (full 0):
 PSYoungGen      total 15360K, used 15328K [0x00000007f9c00000, 0x00000007fba00000, 0x0000000800000000)
  eden space 13312K, 100% used [0x00000007f9c00000,0x00000007fa900000,0x00000007fa900000)
  from space 2048K, 98% used [0x00000007fab00000,0x00000007facf8300,0x00000007fad00000)
  to   space 2048K, 0% used [0x00000007fa900000,0x00000007fa900000,0x00000007fab00000)
 ParOldGen       total 34304K, used 2169K [0x00000007ed400000, 0x00000007ef580000, 0x00000007f9c00000)
  object space 34304K, 6% used [0x00000007ed400000,0x00000007ed61e5c0,0x00000007ef580000)
 PSPermGen       total 21504K, used 10837K [0x00000007e5c00000, 0x00000007e7100000, 0x00000007ed400000)
  object space 21504K, 50% used [0x00000007e5c00000,0x00000007e66957d0,0x00000007e7100000)
Event: 0.922 GC heap after
Heap after GC invocations=3 (full 0):
 PSYoungGen      total 15360K, used 2048K [0x00000007f9c00000, 0x00000007fba00000, 0x0000000800000000)
  eden space 13312K, 0% used [0x00000007f9c00000,0x00000007f9c00000,0x00000007fa900000)
  from space 2048K, 100% used [0x00000007fa900000,0x00000007fab00000,0x00000007fab00000)
  to   space 2048K, 0% used [0x00000007fb800000,0x00000007fb800000,0x00000007fba00000)
 ParOldGen       total 34304K, used 3468K [0x00000007ed400000, 0x00000007ef580000, 0x00000007f9c00000)
  object space 34304K, 10% used [0x00000007ed400000,0x00000007ed7633b0,0x00000007ef580000)
 PSPermGen       total 21504K, used 10837K [0x00000007e5c00000, 0x00000007e7100000, 0x00000007ed400000)
  object space 21504K, 50% used [0x00000007e5c00000,0x00000007e66957d0,0x00000007e7100000)
}
Event: 1.093 GC heap before
{Heap before GC invocations=4 (full 0):
 PSYoungGen      total 15360K, used 15360K [0x00000007f9c00000, 0x00000007fba00000, 0x0000000800000000)
  eden space 13312K, 100% used [0x00000007f9c00000,0x00000007fa900000,0x00000007fa900000)
  from space 2048K, 100% used [0x00000007fa900000,0x00000007fab00000,0x00000007fab00000)
  to   space 2048K, 0% used [0x00000007fb800000,0x00000007fb800000,0x00000007fba00000)
 ParOldGen       total 34304K, used 3468K [0x00000007ed400000, 0x00000007ef580000, 0x00000007f9c00000)
  object space 34304K, 10% used [0x00000007ed400000,0x00000007ed7633b0,0x00000007ef580000)
 PSPermGen       total 21504K, used 12505K [0x00000007e5c00000, 0x00000007e7100000, 0x00000007ed400000)
  object space 21504K, 58% used [0x00000007e5c00000,0x00000007e68366b8,0x00000007e7100000)
Event: 1.103 GC heap after
Heap after GC invocations=4 (full 0):
 PSYoungGen      total 28672K, used 2017K [0x00000007f9c00000, 0x00000007fba00000, 0x0000000800000000)
  eden space 26624K, 0% used [0x00000007f9c00000,0x00000007f9c00000,0x00000007fb600000)
  from space 2048K, 98% used [0x00000007fb800000,0x00000007fb9f8520,0x00000007fba00000)
  to   space 2048K, 0% used [0x00000007fb600000,0x00000007fb600000,0x00000007fb800000)
 ParOldGen       total 34304K, used 5501K [0x00000007ed400000, 0x00000007ef580000, 0x00000007f9c00000)
  object space 34304K, 16% used [0x00000007ed400000,0x00000007ed95f668,0x00000007ef580000)
 PSPermGen       total 21504K, used 12505K [0x00000007e5c00000, 0x00000007e7100000, 0x00000007ed400000)
  object space 21504K, 58% used [0x00000007e5c00000,0x00000007e68366b8,0x00000007e7100000)
}
Event: 1.590 GC heap before
{Heap before GC invocations=5 (full 0):
 PSYoungGen      total 28672K, used 28641K [0x00000007f9c00000, 0x00000007fba00000, 0x0000000800000000)
  eden space 26624K, 100% used [0x00000007f9c00000,0x00000007fb600000,0x00000007fb600000)
  from space 2048K, 98% used [0x00000007fb800000,0x00000007fb9f8520,0x00000007fba00000)
  to   space 2048K, 0% used [0x00000007fb600000,0x00000007fb600000,0x00000007fb800000)
 ParOldGen       total 34304K, used 5501K [0x00000007ed400000, 0x00000007ef580000, 0x00000007f9c00000)
  object space 34304K, 16% used [0x00000007ed400000,0x00000007ed95f668,0x00000007ef580000)
 PSPermGen       total 21504K, used 17607K [0x00000007e5c00000, 0x00000007e7100000, 0x00000007ed400000)
  object space 21504K, 81% used [0x00000007e5c00000,0x00000007e6d31f10,0x00000007e7100000)
Event: 1.606 GC heap after
Heap after GC invocations=5 (full 0):
 PSYoungGen      total 28672K, used 2016K [0x00000007f9c00000, 0x00000007fde00000, 0x0000000800000000)
  eden space 26624K, 0% used [0x00000007f9c00000,0x00000007f9c00000,0x00000007fb600000)
  from space 2048K, 98% used [0x00000007fb600000,0x00000007fb7f8020,0x00000007fb800000)
  to   space 7168K, 0% used [0x00000007fd700000,0x00000007fd700000,0x00000007fde00000)
 ParOldGen       total 34304K, used 10805K [0x00000007ed400000, 0x00000007ef580000, 0x00000007f9c00000)
  object space 34304K, 31% used [0x00000007ed400000,0x00000007ede8d470,0x00000007ef580000)
 PSPermGen       total 21504K, used 17607K [0x00000007e5c00000, 0x00000007e7100000, 0x00000007ed400000)
  object space 21504K, 81% used [0x00000007e5c00000,0x00000007e6d31f10,0x00000007e7100000)
}
Event: 2.343 GC heap before
{Heap before GC invocations=6 (full 0):
 PSYoungGen      total 28672K, used 28640K [0x00000007f9c00000, 0x00000007fde00000, 0x0000000800000000)
  eden space 26624K, 100% used [0x00000007f9c00000,0x00000007fb600000,0x00000007fb600000)
  from space 2048K, 98% used [0x00000007fb600000,0x00000007fb7f8020,0x00000007fb800000)
  to   space 7168K, 0% used [0x00000007fd700000,0x00000007fd700000,0x00000007fde00000)
 ParOldGen       total 34304K, used 10805K [0x00000007ed400000, 0x00000007ef580000, 0x00000007f9c00000)
  object space 34304K, 31% used [0x00000007ed400000,0x00000007ede8d470,0x00000007ef580000)
 PSPermGen       total 21504K, used 21141K [0x00000007e5c00000, 0x00000007e7100000, 0x00000007ed400000)
  object space 21504K, 98% used [0x00000007e5c00000,0x00000007e70a5658,0x00000007e7100000)
Event: 2.353 GC heap after
Heap after GC invocations=6 (full 0):
 PSYoungGen      total 59904K, used 6444K [0x00000007f9c00000, 0x00000007fdf00000, 0x0000000800000000)
  eden space 52736K, 0% used [0x00000007f9c00000,0x00000007f9c00000,0x00000007fcf80000)
  from space 7168K, 89% used [0x00000007fd700000,0x00000007fdd4b098,0x00000007fde00000)
  to   space 7680K, 0% used [0x00000007fcf80000,0x00000007fcf80000,0x00000007fd700000)
 ParOldGen       total 34304K, used 10805K [0x00000007ed400000, 0x00000007ef580000, 0x00000007f9c00000)
  object space 34304K, 31% used [0x00000007ed400000,0x00000007ede8d470,0x00000007ef580000)
 PSPermGen       total 21504K, used 21141K [0x00000007e5c00000, 0x00000007e7100000, 0x00000007ed400000)
  object space 21504K, 98% used [0x00000007e5c00000,0x00000007e70a5658,0x00000007e7100000)
}

